<xml>
                    <ToUserName><![CDATA[oWZis6p3XQDxsaHLTSg7zKNBqC0g]]></ToUserName>
                    <FromUserName><![CDATA[gh_50511fbe5c85]]></FromUserName>
                    <CreateTime>1605063495</CreateTime>
                    <MsgType><![CDATA[text]]></MsgType>
                    <Content><![欢迎关注]></Content>
                    </xml><xml><ToUserName><![CDATA[gh_50511fbe5c85]]></ToUserName>
<FromUserName><![CDATA[oWZis6p3XQDxsaHLTSg7zKNBqC0g]]></FromUserName>
<CreateTime>1605063409</CreateTime>
<MsgType><![CDATA[event]]></MsgType>
<Event><![CDATA[subscribe]]></Event>
<EventKey><![CDATA[]]></EventKey>
</xml>

{"subscribe":1,"openid":"oWZis6p3XQDxsaHLTSg7zKNBqC0g","nickname":"李伟","sex":1,"language":"zh_CN","city":"朝阳","province":"北京","country":"中国","headimgurl":"http:\/\/thirdwx.qlogo.cn\/mmopen\/ajNVdqHZLLAncoP7YHP1NXbP7zhX5MjbjuTIEcFe2jzTFrWHHIcteMq0via35ZDlmGdGQ7h7f1xJ9wvOnku1FIA\/132","subscribe_time":1605063409,"remark":"","groupid":0,"tagid_list":[],"subscribe_scene":"ADD_SCENE_QR_CODE","qr_scene":0,"qr_scene_str":""}

<xml><ToUserName><![CDATA[gh_50511fbe5c85]]></ToUserName>
<FromUserName><![CDATA[oWZis6p3XQDxsaHLTSg7zKNBqC0g]]></FromUserName>
<CreateTime>1605063409</CreateTime>
<MsgType><![CDATA[event]]></MsgType>
<Event><![CDATA[subscribe]]></Event>
<EventKey><![CDATA[]]></EventKey>
</xml>

{"subscribe":1,"openid":"oWZis6p3XQDxsaHLTSg7zKNBqC0g","nickname":"李伟","sex":1,"language":"zh_CN","city":"朝阳","province":"北京","country":"中国","headimgurl":"http:\/\/thirdwx.qlogo.cn\/mmopen\/ajNVdqHZLLAncoP7YHP1NXbP7zhX5MjbjuTIEcFe2jzTFrWHHIcteMq0via35ZDlmGdGQ7h7f1xJ9wvOnku1FIA\/132","subscribe_time":1605063409,"remark":"","groupid":0,"tagid_list":[],"subscribe_scene":"ADD_SCENE_QR_CODE","qr_scene":0,"qr_scene_str":""}

<xml><ToUserName><![CDATA[gh_50511fbe5c85]]></ToUserName>
<FromUserName><![CDATA[oWZis6p3XQDxsaHLTSg7zKNBqC0g]]></FromUserName>
<CreateTime>1605063409</CreateTime>
<MsgType><![CDATA[event]]></MsgType>
<Event><![CDATA[subscribe]]></Event>
<EventKey><![CDATA[]]></EventKey>
</xml>

{"subscribe":1,"openid":"oWZis6p3XQDxsaHLTSg7zKNBqC0g","nickname":"李伟","sex":1,"language":"zh_CN","city":"朝阳","province":"北京","country":"中国","headimgurl":"http:\/\/thirdwx.qlogo.cn\/mmopen\/ajNVdqHZLLAncoP7YHP1NXbP7zhX5MjbjuTIEcFe2jzTFrWHHIcteMq0via35ZDlmGdGQ7h7f1xJ9wvOnku1FIA\/132","subscribe_time":1605063409,"remark":"","groupid":0,"tagid_list":[],"subscribe_scene":"ADD_SCENE_QR_CODE","qr_scene":0,"qr_scene_str":""}

<xml><ToUserName><![CDATA[gh_50511fbe5c85]]></ToUserName>
<FromUserName><![CDATA[oWZis6p3XQDxsaHLTSg7zKNBqC0g]]></FromUserName>
<CreateTime>1605063409</CreateTime>
<MsgType><![CDATA[event]]></MsgType>
<Event><![CDATA[subscribe]]></Event>
<EventKey><![CDATA[]]></EventKey>
</xml>

{"subscribe":1,"openid":"oWZis6p3XQDxsaHLTSg7zKNBqC0g","nickname":"李伟","sex":1,"language":"zh_CN","city":"朝阳","province":"北京","country":"中国","headimgurl":"http:\/\/thirdwx.qlogo.cn\/mmopen\/ajNVdqHZLLAncoP7YHP1NXbP7zhX5MjbjuTIEcFe2jzTFrWHHIcteMq0via35ZDlmGdGQ7h7f1xJ9wvOnku1FIA\/132","subscribe_time":1605063609,"remark":"","groupid":0,"tagid_list":[],"subscribe_scene":"ADD_SCENE_QR_CODE","qr_scene":0,"qr_scene_str":""}

